info: Microsoft.AspNetCore.DataProtection.KeyManagement.XmlKeyManager[63]
      User profile is available. Using 'C:\Users\uakus\AppData\Local\ASP.NET\DataProtection-Keys' as key repository and Windows DPAPI to encrypt keys at rest.
info: Microsoft.AspNetCore.Hosting.Diagnostics[1]
      Request starting HTTP/1.1 GET http://localhost:7007/ - -
info: Microsoft.Hosting.Lifetime[0]
      Application started. Press Ctrl+C to shut down.
info: Microsoft.Hosting.Lifetime[0]
      Hosting environment: Development
info: Microsoft.Hosting.Lifetime[0]
      Content root path: C:\Users\uakus\Progressive\Developer\SerenityData\SerenityData\SerenityData\SerenityData.Web
warn: Microsoft.AspNetCore.HttpsPolicy.HttpsRedirectionMiddleware[3]
      Failed to determine the https port for redirect.
info: Microsoft.AspNetCore.Routing.EndpointMiddleware[0]
      Executing endpoint 'SerenityData.Common.Pages.DashboardController.Index (VanilaProject.web)'
info: Microsoft.AspNetCore.Mvc.Infrastructure.ControllerActionInvoker[3]
      Route matched with {action = "Index", controller = "Dashboard"}. Executing controller action with signature Microsoft.AspNetCore.Mvc.ActionResult Index() on controller SerenityData.Common.Pages.DashboardController (VanilaProject.web).
info: Microsoft.AspNetCore.Mvc.ChallengeResult[1]
      Executing ChallengeResult with authentication schemes ().
info: Microsoft.AspNetCore.Authentication.Cookies.CookieAuthenticationHandler[12]
      AuthenticationScheme: Cookies was challenged.
info: Microsoft.AspNetCore.Mvc.Infrastructure.ControllerActionInvoker[2]
      Executed action SerenityData.Common.Pages.DashboardController.Index (VanilaProject.web) in 89.5276ms
info: Microsoft.AspNetCore.Routing.EndpointMiddleware[1]
      Executed endpoint 'SerenityData.Common.Pages.DashboardController.Index (VanilaProject.web)'
info: Microsoft.AspNetCore.Hosting.Diagnostics[1]
      Request starting HTTP/1.1 GET http://localhost:7007/Account/Login/?ReturnUrl=%2F - -
info: Microsoft.AspNetCore.Hosting.Diagnostics[2]
      Request finished HTTP/1.1 GET http://localhost:7007/ - - - 302 - - 1214.6489ms
info: Microsoft.AspNetCore.Routing.EndpointMiddleware[0]
      Executing endpoint 'SerenityData.Membership.Pages.AccountController.Login (VanilaProject.web)'
info: Microsoft.AspNetCore.Mvc.Infrastructure.ControllerActionInvoker[3]
      Route matched with {action = "Login", controller = "Account"}. Executing controller action with signature Microsoft.AspNetCore.Mvc.ActionResult Login(System.String) on controller SerenityData.Membership.Pages.AccountController (VanilaProject.web).
info: Microsoft.AspNetCore.Mvc.ViewFeatures.ViewResultExecutor[1]
      Executing ViewResult, running view ~/Modules/Membership/Account/AccountLogin.cshtml.
info: Microsoft.AspNetCore.Mvc.ViewFeatures.ViewResultExecutor[4]
      Executed ViewResult - view ~/Modules/Membership/Account/AccountLogin.cshtml executed in 46583.6409ms.
info: Microsoft.AspNetCore.Mvc.Infrastructure.ControllerActionInvoker[2]
      Executed action SerenityData.Membership.Pages.AccountController.Login (VanilaProject.web) in 46651.0947ms
info: Microsoft.AspNetCore.Routing.EndpointMiddleware[1]
      Executed endpoint 'SerenityData.Membership.Pages.AccountController.Login (VanilaProject.web)'
info: Microsoft.AspNetCore.Hosting.Diagnostics[2]
      Request finished HTTP/1.1 GET http://localhost:7007/Account/Login/?ReturnUrl=%2F - - - 200 - text/html;+charset=utf-8 46828.1079ms
info: Microsoft.AspNetCore.Hosting.Diagnostics[1]
      Request starting HTTP/1.1 GET http://localhost:7007/Serenity.Assets/Content/font-open-sans.css?v=2025060212 - -
info: Microsoft.AspNetCore.Hosting.Diagnostics[1]
      Request starting HTTP/1.1 GET http://localhost:7007/Serenity.Assets/fonts/open-sans/open-sans.css?v=2025060212 - -
info: Microsoft.AspNetCore.Hosting.Diagnostics[1]
      Request starting HTTP/1.1 GET http://localhost:7007/Serenity.Assets/Content/font-awesome.css?v=2025060212 - -
info: Microsoft.AspNetCore.StaticFiles.StaticFileMiddleware[2]
      Sending file. Request path: '/Serenity.Assets/Content/font-open-sans.css'. Physical path: 'C:\Users\uakus\.nuget\packages\serenity.assets\6.0.2\staticwebassets\Content\font-open-sans.css'
info: Microsoft.AspNetCore.StaticFiles.StaticFileMiddleware[2]
      Sending file. Request path: '/Serenity.Assets/fonts/open-sans/open-sans.css'. Physical path: 'C:\Users\uakus\.nuget\packages\serenity.assets\6.0.2\staticwebassets\fonts\open-sans\open-sans.css'
info: Microsoft.AspNetCore.StaticFiles.StaticFileMiddleware[2]
      Sending file. Request path: '/Serenity.Assets/Content/font-awesome.css'. Physical path: 'C:\Users\uakus\.nuget\packages\serenity.assets\6.0.2\staticwebassets\Content\font-awesome.css'
info: Microsoft.AspNetCore.Hosting.Diagnostics[2]
      Request finished HTTP/1.1 GET http://localhost:7007/Serenity.Assets/Content/font-open-sans.css?v=2025060212 - - - 200 951 text/css 118.5771ms
info: Microsoft.AspNetCore.Hosting.Diagnostics[2]
      Request finished HTTP/1.1 GET http://localhost:7007/Serenity.Assets/fonts/open-sans/open-sans.css?v=2025060212 - - - 200 1212 text/css 109.6121ms
info: Microsoft.AspNetCore.Hosting.Diagnostics[1]
      Request starting HTTP/1.1 GET http://localhost:7007/Serenity.Assets/bootstrap/css/bootstrap.css?v=2025060212 - -
info: Microsoft.AspNetCore.Hosting.Diagnostics[2]
      Request finished HTTP/1.1 GET http://localhost:7007/Serenity.Assets/Content/font-awesome.css?v=2025060212 - - - 200 37414 text/css 129.7359ms
info: Microsoft.AspNetCore.Hosting.Diagnostics[1]
      Request starting HTTP/1.1 GET http://localhost:7007/Serenity.Assets/Content/css/select2.css?v=2025060212 - -
info: Microsoft.AspNetCore.Hosting.Diagnostics[1]
      Request starting HTTP/1.1 GET http://localhost:7007/Serenity.Assets/Content/toastr.css?v=2025060212 - -
info: Microsoft.AspNetCore.StaticFiles.StaticFileMiddleware[2]
      Sending file. Request path: '/Serenity.Assets/Content/css/select2.css'. Physical path: 'C:\Users\uakus\.nuget\packages\serenity.assets\6.0.2\staticwebassets\Content\css\select2.css'
info: Microsoft.AspNetCore.Hosting.Diagnostics[2]
      Request finished HTTP/1.1 GET http://localhost:7007/Serenity.Assets/Content/css/select2.css?v=2025060212 - - - 200 19454 text/css 71.3093ms
info: Microsoft.AspNetCore.Hosting.Diagnostics[1]
      Request starting HTTP/1.1 GET http://localhost:7007/Serenity.Assets/Content/slick.grid.css?v=2025060212 - -
info: Microsoft.AspNetCore.StaticFiles.StaticFileMiddleware[2]
      Sending file. Request path: '/Serenity.Assets/bootstrap/css/bootstrap.css'. Physical path: 'C:\Users\uakus\.nuget\packages\serenity.assets\6.0.2\staticwebassets\bootstrap\css\bootstrap.css'
info: Microsoft.AspNetCore.StaticFiles.StaticFileMiddleware[2]
      Sending file. Request path: '/Serenity.Assets/Content/toastr.css'. Physical path: 'C:\Users\uakus\.nuget\packages\serenity.assets\6.0.2\staticwebassets\Content\toastr.css'
info: Microsoft.AspNetCore.Hosting.Diagnostics[2]
      Request finished HTTP/1.1 GET http://localhost:7007/Serenity.Assets/Content/toastr.css?v=2025060212 - - - 200 6881 text/css 154.4738ms
info: Microsoft.AspNetCore.StaticFiles.StaticFileMiddleware[2]
      Sending file. Request path: '/Serenity.Assets/Content/slick.grid.css'. Physical path: 'C:\Users\uakus\.nuget\packages\serenity.assets\6.0.2\staticwebassets\Content\slick.grid.css'
info: Microsoft.AspNetCore.Hosting.Diagnostics[2]
      Request finished HTTP/1.1 GET http://localhost:7007/Serenity.Assets/bootstrap/css/bootstrap.css?v=2025060212 - - - 200 205441 text/css 187.6400ms
info: Microsoft.AspNetCore.Hosting.Diagnostics[2]
      Request finished HTTP/1.1 GET http://localhost:7007/Serenity.Assets/Content/slick.grid.css?v=2025060212 - - - 200 4023 text/css 87.3617ms
info: Microsoft.AspNetCore.Hosting.Diagnostics[1]
      Request starting HTTP/1.1 GET http://localhost:7007/Serenity.Assets/nprogress/nprogress.css?v=2025060212 - -
info: Microsoft.AspNetCore.StaticFiles.StaticFileMiddleware[2]
      Sending file. Request path: '/Serenity.Assets/nprogress/nprogress.css'. Physical path: 'C:\Users\uakus\.nuget\packages\serenity.assets\6.0.2\staticwebassets\nprogress\nprogress.css'
info: Microsoft.AspNetCore.Hosting.Diagnostics[1]
      Request starting HTTP/1.1 GET http://localhost:7007/Serenity.Extensions/index.css?v=2025060212 - -
info: Microsoft.AspNetCore.Hosting.Diagnostics[1]
      Request starting HTTP/1.1 GET http://localhost:7007/Serenity.Assets/Content/jquery.fileupload.css?v=2025060212 - -
info: Microsoft.AspNetCore.Hosting.Diagnostics[2]
      Request finished HTTP/1.1 GET http://localhost:7007/Serenity.Assets/nprogress/nprogress.css?v=2025060212 - - - 200 1458 text/css 25.1438ms
info: Microsoft.AspNetCore.Hosting.Diagnostics[1]
      Request starting HTTP/1.1 GET http://localhost:7007/Serenity.Assets/Content/colorbox/jquery.colorbox.css?v=2025060212 - -
info: Microsoft.AspNetCore.StaticFiles.StaticFileMiddleware[2]
      Sending file. Request path: '/Serenity.Extensions/index.css'. Physical path: 'C:\Users\uakus\.nuget\packages\serenity.extensions\6.0.3\staticwebassets\index.css'
info: Microsoft.AspNetCore.Hosting.Diagnostics[2]
      Request finished HTTP/1.1 GET http://localhost:7007/Serenity.Extensions/index.css?v=2025060212 - - - 200 479 text/css 40.3906ms
info: Microsoft.AspNetCore.StaticFiles.StaticFileMiddleware[2]
      Sending file. Request path: '/Serenity.Assets/Content/jquery.fileupload.css'. Physical path: 'C:\Users\uakus\.nuget\packages\serenity.assets\6.0.2\staticwebassets\Content\jquery.fileupload.css'
info: Microsoft.AspNetCore.StaticFiles.StaticFileMiddleware[2]
      Sending file. Request path: '/Serenity.Assets/Content/colorbox/jquery.colorbox.css'. Physical path: 'C:\Users\uakus\.nuget\packages\serenity.assets\6.0.2\staticwebassets\Content\colorbox\jquery.colorbox.css'
info: Microsoft.AspNetCore.Hosting.Diagnostics[2]
      Request finished HTTP/1.1 GET http://localhost:7007/Serenity.Assets/Content/jquery.fileupload.css?v=2025060212 - - - 200 655 text/css 67.5720ms
info: Microsoft.AspNetCore.Hosting.Diagnostics[2]
      Request finished HTTP/1.1 GET http://localhost:7007/Serenity.Assets/Content/colorbox/jquery.colorbox.css?v=2025060212 - - - 200 3899 text/css 53.1726ms
info: Microsoft.AspNetCore.Hosting.Diagnostics[1]
      Request starting HTTP/1.1 GET http://localhost:7007/Serenity.Assets/Scripts/jquery-3.5.1.js?v=2025060212 - -
info: Microsoft.AspNetCore.Hosting.Diagnostics[1]
      Request starting HTTP/1.1 GET http://localhost:7007/Serenity.Assets/nprogress/nprogress.js?v=2025060212 - -
info: Microsoft.AspNetCore.Hosting.Diagnostics[1]
      Request starting HTTP/1.1 GET http://localhost:7007/Serenity.Assets/Scripts/jquery-ui.js?v=2025060212 - -
info: Microsoft.AspNetCore.StaticFiles.StaticFileMiddleware[2]
      Sending file. Request path: '/Serenity.Assets/nprogress/nprogress.js'. Physical path: 'C:\Users\uakus\.nuget\packages\serenity.assets\6.0.2\staticwebassets\nprogress\nprogress.js'
info: Microsoft.AspNetCore.Hosting.Diagnostics[2]
      Request finished HTTP/1.1 GET http://localhost:7007/Serenity.Assets/nprogress/nprogress.js?v=2025060212 - - - 200 11565 application/javascript 37.3033ms
info: Microsoft.AspNetCore.Hosting.Diagnostics[1]
      Request starting HTTP/1.1 GET http://localhost:7007/Serenity.Assets/Scripts/jquery-ui-i18n.js?v=2025060212 - -
info: Microsoft.AspNetCore.StaticFiles.StaticFileMiddleware[2]
      Sending file. Request path: '/Serenity.Assets/Scripts/jquery-ui.js'. Physical path: 'C:\Users\uakus\.nuget\packages\serenity.assets\6.0.2\staticwebassets\Scripts\jquery-ui.js'
info: Microsoft.AspNetCore.StaticFiles.StaticFileMiddleware[2]
      Sending file. Request path: '/Serenity.Assets/Scripts/jquery-3.5.1.js'. Physical path: 'C:\Users\uakus\.nuget\packages\serenity.assets\6.0.2\staticwebassets\Scripts\jquery-3.5.1.js'
info: Microsoft.AspNetCore.StaticFiles.StaticFileMiddleware[2]
      Sending file. Request path: '/Serenity.Assets/Scripts/jquery-ui-i18n.js'. Physical path: 'C:\Users\uakus\.nuget\packages\serenity.assets\6.0.2\staticwebassets\Scripts\jquery-ui-i18n.js'
info: Microsoft.AspNetCore.Hosting.Diagnostics[2]
      Request finished HTTP/1.1 GET http://localhost:7007/Serenity.Assets/Scripts/jquery-ui.js?v=2025060212 - - - 200 408577 application/javascript 135.8717ms
info: Microsoft.AspNetCore.Hosting.Diagnostics[2]
      Request finished HTTP/1.1 GET http://localhost:7007/Serenity.Assets/Scripts/jquery-ui-i18n.js?v=2025060212 - - - 200 76075 application/javascript 78.7257ms
info: Microsoft.AspNetCore.Hosting.Diagnostics[2]
      Request finished HTTP/1.1 GET http://localhost:7007/Serenity.Assets/Scripts/jquery-3.5.1.js?v=2025060212 - - - 200 287630 application/javascript 161.3748ms
info: Microsoft.AspNetCore.Hosting.Diagnostics[1]
      Request starting HTTP/1.1 GET http://localhost:7007/Serenity.Assets/Scripts/jquery.blockUI.js?v=2025060212 - -
info: Microsoft.AspNetCore.Hosting.Diagnostics[1]
      Request starting HTTP/1.1 GET http://localhost:7007/Serenity.Assets/Scripts/jquery.validate.js?v=2025060212 - -
info: Microsoft.AspNetCore.Hosting.Diagnostics[1]
      Request starting HTTP/1.1 GET http://localhost:7007/Serenity.Assets/Scripts/jquery.cookie.js?v=2025060212 - -
info: Microsoft.AspNetCore.StaticFiles.StaticFileMiddleware[2]
      Sending file. Request path: '/Serenity.Assets/Scripts/jquery.blockUI.js'. Physical path: 'C:\Users\uakus\.nuget\packages\serenity.assets\6.0.2\staticwebassets\Scripts\jquery.blockUI.js'
info: Microsoft.AspNetCore.StaticFiles.StaticFileMiddleware[2]
      Sending file. Request path: '/Serenity.Assets/Scripts/jquery.validate.js'. Physical path: 'C:\Users\uakus\.nuget\packages\serenity.assets\6.0.2\staticwebassets\Scripts\jquery.validate.js'
info: Microsoft.AspNetCore.Hosting.Diagnostics[2]
      Request finished HTTP/1.1 GET http://localhost:7007/Serenity.Assets/Scripts/jquery.blockUI.js?v=2025060212 - - - 200 19030 application/javascript 68.8182ms
info: Microsoft.AspNetCore.Hosting.Diagnostics[2]
      Request finished HTTP/1.1 GET http://localhost:7007/Serenity.Assets/Scripts/jquery.validate.js?v=2025060212 - - - 200 50963 application/javascript 77.2195ms
info: Microsoft.AspNetCore.Hosting.Diagnostics[1]
      Request starting HTTP/1.1 GET http://localhost:7007/Serenity.Assets/Scripts/jquery.json.js?v=2025060212 - -
info: Microsoft.AspNetCore.StaticFiles.StaticFileMiddleware[2]
      Sending file. Request path: '/Serenity.Assets/Scripts/jquery.cookie.js'. Physical path: 'C:\Users\uakus\.nuget\packages\serenity.assets\6.0.2\staticwebassets\Scripts\jquery.cookie.js'
info: Microsoft.AspNetCore.Hosting.Diagnostics[1]
      Request starting HTTP/1.1 GET http://localhost:7007/Serenity.Assets/bootstrap/js/bootstrap.bundle.js?v=2025060212 - -
info: Microsoft.AspNetCore.Hosting.Diagnostics[2]
      Request finished HTTP/1.1 GET http://localhost:7007/Serenity.Assets/Scripts/jquery.cookie.js?v=2025060212 - - - 200 3121 application/javascript 69.7302ms
info: Microsoft.AspNetCore.StaticFiles.StaticFileMiddleware[2]
      Sending file. Request path: '/Serenity.Assets/Scripts/jquery.json.js'. Physical path: 'C:\Users\uakus\.nuget\packages\serenity.assets\6.0.2\staticwebassets\Scripts\jquery.json.js'
info: Microsoft.AspNetCore.Hosting.Diagnostics[1]
      Request starting HTTP/1.1 GET http://localhost:7007/Serenity.Assets/Scripts/select2.js?v=2025060212 - -
info: Microsoft.AspNetCore.Hosting.Diagnostics[2]
      Request finished HTTP/1.1 GET http://localhost:7007/Serenity.Assets/Scripts/jquery.json.js?v=2025060212 - - - 200 3585 application/javascript 63.9979ms
info: Microsoft.AspNetCore.Hosting.Diagnostics[1]
      Request starting HTTP/1.1 GET http://localhost:7007/Serenity.Assets/Scripts/toastr.js?v=2025060212 - -
info: Microsoft.AspNetCore.StaticFiles.StaticFileMiddleware[2]
      Sending file. Request path: '/Serenity.Assets/bootstrap/js/bootstrap.bundle.js'. Physical path: 'C:\Users\uakus\.nuget\packages\serenity.assets\6.0.2\staticwebassets\bootstrap\js\bootstrap.bundle.js'
info: Microsoft.AspNetCore.StaticFiles.StaticFileMiddleware[2]
      Sending file. Request path: '/Serenity.Assets/Scripts/select2.js'. Physical path: 'C:\Users\uakus\.nuget\packages\serenity.assets\6.0.2\staticwebassets\Scripts\select2.js'
info: Microsoft.AspNetCore.StaticFiles.StaticFileMiddleware[2]
      Sending file. Request path: '/Serenity.Assets/Scripts/toastr.js'. Physical path: 'C:\Users\uakus\.nuget\packages\serenity.assets\6.0.2\staticwebassets\Scripts\toastr.js'
info: Microsoft.AspNetCore.Hosting.Diagnostics[2]
      Request finished HTTP/1.1 GET http://localhost:7007/Serenity.Assets/Scripts/toastr.js?v=2025060212 - - - 200 15319 application/javascript 48.3917ms
info: Microsoft.AspNetCore.Hosting.Diagnostics[2]
      Request finished HTTP/1.1 GET http://localhost:7007/Serenity.Assets/Scripts/select2.js?v=2025060212 - - - 200 147437 application/javascript 83.8747ms
info: Microsoft.AspNetCore.Hosting.Diagnostics[2]
      Request finished HTTP/1.1 GET http://localhost:7007/Serenity.Assets/bootstrap/js/bootstrap.bundle.js?v=2025060212 - - - 200 209719 application/javascript 115.3878ms
info: Microsoft.AspNetCore.Hosting.Diagnostics[1]
      Request starting HTTP/1.1 GET http://localhost:7007/Serenity.Assets/preact/preact.umd.js?v=2025060212 - -
info: Microsoft.AspNetCore.Hosting.Diagnostics[1]
      Request starting HTTP/1.1 GET http://localhost:7007/Serenity.Scripts/Serenity.CoreLib.js?v=2025060212 - -
info: Microsoft.AspNetCore.Hosting.Diagnostics[1]
      Request starting HTTP/1.1 GET http://localhost:7007/Serenity.Extensions/index.js?v=2025060212 - -
info: Microsoft.AspNetCore.StaticFiles.StaticFileMiddleware[2]
      Sending file. Request path: '/Serenity.Assets/preact/preact.umd.js'. Physical path: 'C:\Users\uakus\.nuget\packages\serenity.assets\6.0.2\staticwebassets\preact\preact.umd.js'
info: Microsoft.AspNetCore.StaticFiles.StaticFileMiddleware[2]
      Sending file. Request path: '/Serenity.Extensions/index.js'. Physical path: 'C:\Users\uakus\.nuget\packages\serenity.extensions\6.0.3\staticwebassets\index.js'
info: Microsoft.AspNetCore.Hosting.Diagnostics[2]
      Request finished HTTP/1.1 GET http://localhost:7007/Serenity.Assets/preact/preact.umd.js?v=2025060212 - - - 200 10146 application/javascript 69.0973ms
info: Microsoft.AspNetCore.Hosting.Diagnostics[2]
      Request finished HTTP/1.1 GET http://localhost:7007/Serenity.Extensions/index.js?v=2025060212 - - - 200 60779 application/javascript 51.8121ms
info: Microsoft.AspNetCore.Hosting.Diagnostics[1]
      Request starting HTTP/1.1 GET http://localhost:7007/Serenity.Assets/Scripts/jquery.autoNumeric.js?v=2025060212 - -
info: Microsoft.AspNetCore.Hosting.Diagnostics[1]
      Request starting HTTP/1.1 GET http://localhost:7007/Serenity.Assets/Scripts/jquery.colorbox.js?v=2025060212 - -
info: Microsoft.AspNetCore.StaticFiles.StaticFileMiddleware[2]
      Sending file. Request path: '/Serenity.Assets/Scripts/jquery.autoNumeric.js'. Physical path: 'C:\Users\uakus\.nuget\packages\serenity.assets\6.0.2\staticwebassets\Scripts\jquery.autoNumeric.js'
info: Microsoft.AspNetCore.StaticFiles.StaticFileMiddleware[2]
      Sending file. Request path: '/Serenity.Assets/Scripts/jquery.colorbox.js'. Physical path: 'C:\Users\uakus\.nuget\packages\serenity.assets\6.0.2\staticwebassets\Scripts\jquery.colorbox.js'
info: Microsoft.AspNetCore.StaticFiles.StaticFileMiddleware[2]
      Sending file. Request path: '/Serenity.Scripts/Serenity.CoreLib.js'. Physical path: 'C:\Users\uakus\.nuget\packages\serenity.scripts\6.0.3\staticwebassets\Serenity.CoreLib.js'
info: Microsoft.AspNetCore.Hosting.Diagnostics[2]
      Request finished HTTP/1.1 GET http://localhost:7007/Serenity.Assets/Scripts/jquery.autoNumeric.js?v=2025060212 - - - 200 63683 application/javascript 58.7734ms
info: Microsoft.AspNetCore.Hosting.Diagnostics[2]
      Request finished HTTP/1.1 GET http://localhost:7007/Serenity.Assets/Scripts/jquery.colorbox.js?v=2025060212 - - - 200 28397 application/javascript 51.2813ms
info: Microsoft.AspNetCore.Hosting.Diagnostics[1]
      Request starting HTTP/1.1 GET http://localhost:7007/Serenity.Assets/Scripts/jquery.dialogextendQ.js?v=2025060212 - -
info: Microsoft.AspNetCore.Hosting.Diagnostics[1]
      Request starting HTTP/1.1 GET http://localhost:7007/Serenity.Assets/Scripts/jquery.event.drag.js?v=2025060212 - -
info: Microsoft.AspNetCore.StaticFiles.StaticFileMiddleware[2]
      Sending file. Request path: '/Serenity.Assets/Scripts/jquery.dialogextendQ.js'. Physical path: 'C:\Users\uakus\.nuget\packages\serenity.assets\6.0.2\staticwebassets\Scripts\jquery.dialogextendQ.js'
info: Microsoft.AspNetCore.Hosting.Diagnostics[2]
      Request finished HTTP/1.1 GET http://localhost:7007/Serenity.Assets/Scripts/jquery.dialogextendQ.js?v=2025060212 - - - 200 7194 application/javascript 37.2518ms
info: Microsoft.AspNetCore.StaticFiles.StaticFileMiddleware[2]
      Sending file. Request path: '/Serenity.Assets/Scripts/jquery.event.drag.js'. Physical path: 'C:\Users\uakus\.nuget\packages\serenity.assets\6.0.2\staticwebassets\Scripts\jquery.event.drag.js'
info: Microsoft.AspNetCore.Hosting.Diagnostics[1]
      Request starting HTTP/1.1 GET http://localhost:7007/Serenity.Assets/Scripts/jquery.maskedinput.js?v=2025060212 - -
info: Microsoft.AspNetCore.Hosting.Diagnostics[2]
      Request finished HTTP/1.1 GET http://localhost:7007/Serenity.Assets/Scripts/jquery.event.drag.js?v=2025060212 - - - 200 18086 application/javascript 59.3137ms
info: Microsoft.AspNetCore.Hosting.Diagnostics[1]
      Request starting HTTP/1.1 GET http://localhost:7007/Serenity.Assets/Scripts/jquery.scrollintoview.js?v=2025060212 - -
info: Microsoft.AspNetCore.StaticFiles.StaticFileMiddleware[2]
      Sending file. Request path: '/Serenity.Assets/Scripts/jquery.maskedinput.js'. Physical path: 'C:\Users\uakus\.nuget\packages\serenity.assets\6.0.2\staticwebassets\Scripts\jquery.maskedinput.js'
info: Microsoft.AspNetCore.Hosting.Diagnostics[2]
      Request finished HTTP/1.1 GET http://localhost:7007/Serenity.Scripts/Serenity.CoreLib.js?v=2025060212 - - - 200 820912 application/javascript 222.4032ms
info: Microsoft.AspNetCore.Hosting.Diagnostics[2]
      Request finished HTTP/1.1 GET http://localhost:7007/Serenity.Assets/Scripts/jquery.maskedinput.js?v=2025060212 - - - 200 10317 application/javascript 49.6581ms
info: Microsoft.AspNetCore.Hosting.Diagnostics[1]
      Request starting HTTP/1.1 GET http://localhost:7007/Serenity.Assets/Scripts/sortable.js?v=2025060212 - -
info: Microsoft.AspNetCore.StaticFiles.StaticFileMiddleware[2]
      Sending file. Request path: '/Serenity.Assets/Scripts/jquery.scrollintoview.js'. Physical path: 'C:\Users\uakus\.nuget\packages\serenity.assets\6.0.2\staticwebassets\Scripts\jquery.scrollintoview.js'
info: Microsoft.AspNetCore.Hosting.Diagnostics[2]
      Request finished HTTP/1.1 GET http://localhost:7007/Serenity.Assets/Scripts/jquery.scrollintoview.js?v=2025060212 - - - 200 6925 application/javascript 55.3636ms
info: Microsoft.AspNetCore.StaticFiles.StaticFileMiddleware[2]
      Sending file. Request path: '/Serenity.Assets/Scripts/sortable.js'. Physical path: 'C:\Users\uakus\.nuget\packages\serenity.assets\6.0.2\staticwebassets\Scripts\sortable.js'
info: Microsoft.AspNetCore.Hosting.Diagnostics[1]
      Request starting HTTP/1.1 GET http://localhost:7007/Serenity.Assets/Scripts/SlickGrid/slick.core.js?v=2025060212 - -
info: Microsoft.AspNetCore.Hosting.Diagnostics[2]
      Request finished HTTP/1.1 GET http://localhost:7007/Serenity.Assets/Scripts/sortable.js?v=2025060212 - - - 200 29407 application/javascript 48.7919ms
info: Microsoft.AspNetCore.Hosting.Diagnostics[1]
      Request starting HTTP/1.1 GET http://localhost:7007/Serenity.Assets/Scripts/SlickGrid/slick.grid.js?v=2025060212 - -
info: Microsoft.AspNetCore.StaticFiles.StaticFileMiddleware[2]
      Sending file. Request path: '/Serenity.Assets/Scripts/SlickGrid/slick.core.js'. Physical path: 'C:\Users\uakus\.nuget\packages\serenity.assets\6.0.2\staticwebassets\Scripts\SlickGrid\slick.core.js'
info: Microsoft.AspNetCore.Hosting.Diagnostics[2]
      Request finished HTTP/1.1 GET http://localhost:7007/Serenity.Assets/Scripts/SlickGrid/slick.core.js?v=2025060212 - - - 200 17368 application/javascript 52.2688ms
info: Microsoft.AspNetCore.Hosting.Diagnostics[1]
      Request starting HTTP/1.1 GET http://localhost:7007/Serenity.Assets/Scripts/SlickGrid/slick.groupitemmetadataprovider.js?v=2025060212 - -
info: Microsoft.AspNetCore.Hosting.Diagnostics[1]
      Request starting HTTP/1.1 GET http://localhost:7007/Serenity.Assets/Scripts/SlickGrid/Plugins/slick.autotooltips.js?v=2025060212 - -
info: Microsoft.AspNetCore.StaticFiles.StaticFileMiddleware[2]
      Sending file. Request path: '/Serenity.Assets/Scripts/SlickGrid/Plugins/slick.autotooltips.js'. Physical path: 'C:\Users\uakus\.nuget\packages\serenity.assets\6.0.2\staticwebassets\Scripts\SlickGrid\Plugins\slick.autotooltips.js'
info: Microsoft.AspNetCore.StaticFiles.StaticFileMiddleware[2]
      Sending file. Request path: '/Serenity.Assets/Scripts/SlickGrid/slick.grid.js'. Physical path: 'C:\Users\uakus\.nuget\packages\serenity.assets\6.0.2\staticwebassets\Scripts\SlickGrid\slick.grid.js'
info: Microsoft.AspNetCore.StaticFiles.StaticFileMiddleware[2]
      Sending file. Request path: '/Serenity.Assets/Scripts/SlickGrid/slick.groupitemmetadataprovider.js'. Physical path: 'C:\Users\uakus\.nuget\packages\serenity.assets\6.0.2\staticwebassets\Scripts\SlickGrid\slick.groupitemmetadataprovider.js'
info: Microsoft.AspNetCore.Hosting.Diagnostics[2]
      Request finished HTTP/1.1 GET http://localhost:7007/Serenity.Assets/Scripts/SlickGrid/Plugins/slick.autotooltips.js?v=2025060212 - - - 200 2577 application/javascript 40.2265ms
info: Microsoft.AspNetCore.Hosting.Diagnostics[2]
      Request finished HTTP/1.1 GET http://localhost:7007/Serenity.Assets/Scripts/SlickGrid/slick.groupitemmetadataprovider.js?v=2025060212 - - - 200 4965 application/javascript 51.1489ms
info: Microsoft.AspNetCore.Hosting.Diagnostics[1]
      Request starting HTTP/1.1 GET http://localhost:7007/Serenity.Assets/Scripts/SlickGrid/Plugins/slick.headerbuttons.js?v=2025060212 - -
info: Microsoft.AspNetCore.Hosting.Diagnostics[1]
      Request starting HTTP/1.1 GET http://localhost:7007/Serenity.Assets/Scripts/SlickGrid/Plugins/slick.rowselectionmodel.js?v=2025060212 - -
info: Microsoft.AspNetCore.StaticFiles.StaticFileMiddleware[2]
      Sending file. Request path: '/Serenity.Assets/Scripts/SlickGrid/Plugins/slick.headerbuttons.js'. Physical path: 'C:\Users\uakus\.nuget\packages\serenity.assets\6.0.2\staticwebassets\Scripts\SlickGrid\Plugins\slick.headerbuttons.js'
info: Microsoft.AspNetCore.StaticFiles.StaticFileMiddleware[2]
      Sending file. Request path: '/Serenity.Assets/Scripts/SlickGrid/Plugins/slick.rowselectionmodel.js'. Physical path: 'C:\Users\uakus\.nuget\packages\serenity.assets\6.0.2\staticwebassets\Scripts\SlickGrid\Plugins\slick.rowselectionmodel.js'
info: Microsoft.AspNetCore.Hosting.Diagnostics[2]
      Request finished HTTP/1.1 GET http://localhost:7007/Serenity.Assets/Scripts/SlickGrid/Plugins/slick.headerbuttons.js?v=2025060212 - - - 200 5126 application/javascript 49.2768ms
info: Microsoft.AspNetCore.Hosting.Diagnostics[2]
      Request finished HTTP/1.1 GET http://localhost:7007/Serenity.Assets/Scripts/SlickGrid/Plugins/slick.rowselectionmodel.js?v=2025060212 - - - 200 5138 application/javascript 45.3770ms
info: Microsoft.AspNetCore.Hosting.Diagnostics[2]
      Request finished HTTP/1.1 GET http://localhost:7007/Serenity.Assets/Scripts/SlickGrid/slick.grid.js?v=2025060212 - - - 200 191918 application/javascript 164.0524ms
info: Microsoft.AspNetCore.Hosting.Diagnostics[1]
      Request starting HTTP/1.1 GET http://localhost:7007/Serenity.Assets/Scripts/SlickGrid/Plugins/slick.rowmovemanager.js?v=2025060212 - -
info: Microsoft.AspNetCore.Hosting.Diagnostics[1]
      Request starting HTTP/1.1 GET http://localhost:7007/Serenity.Assets/Scripts/jquery.fileupload.js?v=2025060212 - -
info: Microsoft.AspNetCore.Hosting.Diagnostics[1]
      Request starting HTTP/1.1 GET http://localhost:7007/Serenity.Assets/Scripts/jquery.iframe-transport.js?v=2025060212 - -
info: Microsoft.AspNetCore.StaticFiles.StaticFileMiddleware[2]
      Sending file. Request path: '/Serenity.Assets/Scripts/SlickGrid/Plugins/slick.rowmovemanager.js'. Physical path: 'C:\Users\uakus\.nuget\packages\serenity.assets\6.0.2\staticwebassets\Scripts\SlickGrid\Plugins\slick.rowmovemanager.js'
info: Microsoft.AspNetCore.StaticFiles.StaticFileMiddleware[2]
      Sending file. Request path: '/Serenity.Assets/Scripts/jquery.iframe-transport.js'. Physical path: 'C:\Users\uakus\.nuget\packages\serenity.assets\6.0.2\staticwebassets\Scripts\jquery.iframe-transport.js'
info: Microsoft.AspNetCore.StaticFiles.StaticFileMiddleware[2]
      Sending file. Request path: '/Serenity.Assets/Scripts/jquery.fileupload.js'. Physical path: 'C:\Users\uakus\.nuget\packages\serenity.assets\6.0.2\staticwebassets\Scripts\jquery.fileupload.js'
info: Microsoft.AspNetCore.Hosting.Diagnostics[2]
      Request finished HTTP/1.1 GET http://localhost:7007/Serenity.Assets/Scripts/SlickGrid/Plugins/slick.rowmovemanager.js?v=2025060212 - - - 200 3654 application/javascript 63.2121ms
info: Microsoft.AspNetCore.Hosting.Diagnostics[2]
      Request finished HTTP/1.1 GET http://localhost:7007/Serenity.Assets/Scripts/jquery.iframe-transport.js?v=2025060212 - - - 200 10612 application/javascript 77.0366ms
info: Microsoft.AspNetCore.Hosting.Diagnostics[2]
      Request finished HTTP/1.1 GET http://localhost:7007/Serenity.Assets/Scripts/jquery.fileupload.js?v=2025060212 - - - 200 61368 application/javascript 81.6076ms
info: Microsoft.AspNetCore.Hosting.Diagnostics[1]
      Request starting HTTP/1.1 GET http://localhost:7007/DynJS.axd/ColumnsBundle.js?v=638844449354643285 - -
info: Microsoft.AspNetCore.Hosting.Diagnostics[1]
      Request starting HTTP/1.1 GET http://localhost:7007/DynJS.axd/FormBundle.js?v=638844449354677578 - -
info: Microsoft.AspNetCore.Hosting.Diagnostics[1]
      Request starting HTTP/1.1 GET http://localhost:7007/DynJS.axd/TemplateBundle.js?v=638844449354677831 - -
info: Microsoft.AspNetCore.Hosting.Diagnostics[2]
      Request finished HTTP/1.1 GET http://localhost:7007/DynJS.axd/TemplateBundle.js?v=638844449354677831 - - - 200 - text/javascript;+charset=utf-8 42.5051ms
info: Microsoft.AspNetCore.Hosting.Diagnostics[1]
      Request starting HTTP/1.1 GET http://localhost:7007/DynJS.axd/LocalText.Site.en-US.Public.js?v=638844449354767538 - -
info: Microsoft.AspNetCore.Hosting.Diagnostics[2]
      Request finished HTTP/1.1 GET http://localhost:7007/DynJS.axd/LocalText.Site.en-US.Public.js?v=638844449354767538 - - - 200 - text/javascript;+charset=utf-8 103.9867ms
info: Microsoft.AspNetCore.Hosting.Diagnostics[2]
      Request finished HTTP/1.1 GET http://localhost:7007/DynJS.axd/ColumnsBundle.js?v=638844449354643285 - - - 200 - text/javascript;+charset=utf-8 324.7545ms
info: Microsoft.AspNetCore.Hosting.Diagnostics[2]
      Request finished HTTP/1.1 GET http://localhost:7007/DynJS.axd/FormBundle.js?v=638844449354677578 - - - 200 - text/javascript;+charset=utf-8 329.3229ms
info: Microsoft.AspNetCore.Hosting.Diagnostics[1]
      Request starting HTTP/1.1 GET http://localhost:7007/_vs/browserLink - -
info: Microsoft.AspNetCore.Hosting.Diagnostics[2]
      Request finished HTTP/1.1 GET http://localhost:7007/_vs/browserLink - - - 200 - text/javascript;+charset=UTF-8 198.2001ms
info: Microsoft.AspNetCore.Hosting.Diagnostics[1]
      Request starting HTTP/1.1 GET http://localhost:7007/favicon.ico - -
info: Microsoft.AspNetCore.Hosting.Diagnostics[2]
      Request finished HTTP/1.1 GET http://localhost:7007/favicon.ico - - - 404 - - 10.0334ms
info: Microsoft.AspNetCore.Hosting.Diagnostics[1]
      Request starting HTTP/1.1 GET http://localhost:7007/serviceworker - -
info: Microsoft.AspNetCore.Routing.EndpointMiddleware[0]
      Executing endpoint 'WebEssentials.AspNetCore.Pwa.PwaController.ServiceWorkerAsync (WebEssentials.AspNetCore.Pwa)'
info: Microsoft.AspNetCore.Mvc.Infrastructure.ControllerActionInvoker[3]
      Route matched with {action = "ServiceWorker", controller = "Pwa"}. Executing controller action with signature System.Threading.Tasks.Task`1[Microsoft.AspNetCore.Mvc.IActionResult] ServiceWorkerAsync() on controller WebEssentials.AspNetCore.Pwa.PwaController (WebEssentials.AspNetCore.Pwa).
info: Microsoft.AspNetCore.Mvc.Infrastructure.ContentResultExecutor[1]
      Executing ContentResult with HTTP Response ContentType of application/javascript; charset=utf-8
info: Microsoft.AspNetCore.Mvc.Infrastructure.ControllerActionInvoker[2]
      Executed action WebEssentials.AspNetCore.Pwa.PwaController.ServiceWorkerAsync (WebEssentials.AspNetCore.Pwa) in 37.3813ms
info: Microsoft.AspNetCore.Routing.EndpointMiddleware[1]
      Executed endpoint 'WebEssentials.AspNetCore.Pwa.PwaController.ServiceWorkerAsync (WebEssentials.AspNetCore.Pwa)'
info: Microsoft.AspNetCore.Hosting.Diagnostics[2]
      Request finished HTTP/1.1 GET http://localhost:7007/serviceworker - - - 200 4806 application/javascript;+charset=utf-8 126.0136ms
info: Microsoft.AspNetCore.Hosting.Diagnostics[1]
      Request starting HTTP/1.1 POST http://localhost:7007/Account/Login application/json 46
info: Microsoft.AspNetCore.Routing.EndpointMiddleware[0]
      Executing endpoint 'SerenityData.Membership.Pages.AccountController.Login (VanilaProject.web)'
info: Microsoft.AspNetCore.Mvc.Infrastructure.ControllerActionInvoker[3]
      Route matched with {action = "Login", controller = "Account"}. Executing controller action with signature Serenity.Services.Result`1[Serenity.Services.ServiceResponse] Login(SerenityData.Membership.LoginRequest, SerenityData.Administration.IUserPasswordValidator, Serenity.Abstractions.IUserRetrieveService, Serenity.Extensions.IEmailSender) on controller SerenityData.Membership.Pages.AccountController (VanilaProject.web).
info: Microsoft.AspNetCore.Mvc.Infrastructure.ControllerActionInvoker[2]
      Executed action SerenityData.Membership.Pages.AccountController.Login (VanilaProject.web) in 7159.2324ms
info: Microsoft.AspNetCore.Routing.EndpointMiddleware[1]
      Executed endpoint 'SerenityData.Membership.Pages.AccountController.Login (VanilaProject.web)'
info: Microsoft.AspNetCore.Hosting.Diagnostics[2]
      Request finished HTTP/1.1 POST http://localhost:7007/Account/Login application/json 46 - 400 - application/json 7222.9718ms
info: Microsoft.AspNetCore.Hosting.Diagnostics[1]
      Request starting HTTP/1.1 GET http://localhost:7007/Content/serenity/images/unchecked.gif - -
info: Microsoft.AspNetCore.StaticFiles.StaticFileMiddleware[2]
      Sending file. Request path: '/Content/serenity/images/unchecked.gif'. Physical path: 'C:\Users\uakus\Progressive\Developer\SerenityData\SerenityData\SerenityData\SerenityData.Web\wwwroot\Content\serenity\images\unchecked.gif'
info: Microsoft.AspNetCore.Hosting.Diagnostics[2]
      Request finished HTTP/1.1 GET http://localhost:7007/Content/serenity/images/unchecked.gif - - - 200 223 image/gif 74.0429ms
info: Microsoft.AspNetCore.Hosting.Diagnostics[1]
      Request starting HTTP/1.1 POST http://localhost:7007/Account/Login application/json 46
info: Microsoft.AspNetCore.Routing.EndpointMiddleware[0]
      Executing endpoint 'SerenityData.Membership.Pages.AccountController.Login (VanilaProject.web)'
info: Microsoft.AspNetCore.Mvc.Infrastructure.ControllerActionInvoker[3]
      Route matched with {action = "Login", controller = "Account"}. Executing controller action with signature Serenity.Services.Result`1[Serenity.Services.ServiceResponse] Login(SerenityData.Membership.LoginRequest, SerenityData.Administration.IUserPasswordValidator, Serenity.Abstractions.IUserRetrieveService, Serenity.Extensions.IEmailSender) on controller SerenityData.Membership.Pages.AccountController (VanilaProject.web).
info: Microsoft.AspNetCore.Mvc.Infrastructure.ControllerActionInvoker[2]
      Executed action SerenityData.Membership.Pages.AccountController.Login (VanilaProject.web) in 2670.7642ms
info: Microsoft.AspNetCore.Routing.EndpointMiddleware[1]
      Executed endpoint 'SerenityData.Membership.Pages.AccountController.Login (VanilaProject.web)'
info: Microsoft.AspNetCore.Hosting.Diagnostics[2]
      Request finished HTTP/1.1 POST http://localhost:7007/Account/Login application/json 46 - 400 - application/json 2728.3672ms
info: Microsoft.AspNetCore.Hosting.Diagnostics[1]
      Request starting HTTP/1.1 POST http://localhost:7007/Account/Login application/json 51
info: Microsoft.AspNetCore.Routing.EndpointMiddleware[0]
      Executing endpoint 'SerenityData.Membership.Pages.AccountController.Login (VanilaProject.web)'
info: Microsoft.AspNetCore.Mvc.Infrastructure.ControllerActionInvoker[3]
      Route matched with {action = "Login", controller = "Account"}. Executing controller action with signature Serenity.Services.Result`1[Serenity.Services.ServiceResponse] Login(SerenityData.Membership.LoginRequest, SerenityData.Administration.IUserPasswordValidator, Serenity.Abstractions.IUserRetrieveService, Serenity.Extensions.IEmailSender) on controller SerenityData.Membership.Pages.AccountController (VanilaProject.web).
info: Microsoft.AspNetCore.Mvc.Infrastructure.ControllerActionInvoker[2]
      Executed action SerenityData.Membership.Pages.AccountController.Login (VanilaProject.web) in 6370.7908ms
info: Microsoft.AspNetCore.Routing.EndpointMiddleware[1]
      Executed endpoint 'SerenityData.Membership.Pages.AccountController.Login (VanilaProject.web)'
info: Microsoft.AspNetCore.Hosting.Diagnostics[2]
      Request finished HTTP/1.1 POST http://localhost:7007/Account/Login application/json 51 - 400 - application/json 6403.3203ms
info: Microsoft.AspNetCore.Hosting.Diagnostics[1]
      Request starting HTTP/1.1 GET http://localhost:7007/Account/ForgotPassword - -
info: Microsoft.AspNetCore.Routing.EndpointMiddleware[0]
      Executing endpoint 'SerenityData.Membership.Pages.AccountController.ForgotPassword (VanilaProject.web)'
info: Microsoft.AspNetCore.Mvc.Infrastructure.ControllerActionInvoker[3]
      Route matched with {action = "ForgotPassword", controller = "Account"}. Executing controller action with signature Microsoft.AspNetCore.Mvc.ActionResult ForgotPassword() on controller SerenityData.Membership.Pages.AccountController (VanilaProject.web).
info: Microsoft.AspNetCore.Mvc.ViewFeatures.ViewResultExecutor[1]
      Executing ViewResult, running view ~/Modules/Membership/Account/ForgotPassword/AccountForgotPassword.cshtml.
info: Microsoft.AspNetCore.Mvc.ViewFeatures.ViewResultExecutor[4]
      Executed ViewResult - view ~/Modules/Membership/Account/ForgotPassword/AccountForgotPassword.cshtml executed in 1274.348ms.
info: Microsoft.AspNetCore.Mvc.Infrastructure.ControllerActionInvoker[2]
      Executed action SerenityData.Membership.Pages.AccountController.ForgotPassword (VanilaProject.web) in 1366.4269ms
info: Microsoft.AspNetCore.Hosting.Diagnostics[1]
      Request starting HTTP/1.1 GET http://localhost:7007/DynJS.axd/LocalText.Site.en-US.Public.js?v=kLnE0awBqlZ9iz7AiITfOw - -
info: Microsoft.AspNetCore.Hosting.Diagnostics[1]
      Request starting HTTP/1.1 GET http://localhost:7007/DynJS.axd/TemplateBundle.js?v=1B2M2Y8AsgTpgAmY7PhCfg - -
info: Microsoft.AspNetCore.Routing.EndpointMiddleware[1]
      Executed endpoint 'SerenityData.Membership.Pages.AccountController.ForgotPassword (VanilaProject.web)'
info: Microsoft.AspNetCore.Hosting.Diagnostics[1]
      Request starting HTTP/1.1 GET http://localhost:7007/DynJS.axd/FormBundle.js?v=7PVapKJ-fFumFfxV1-LBsQ - -
info: Microsoft.AspNetCore.Hosting.Diagnostics[1]
      Request starting HTTP/1.1 GET http://localhost:7007/DynJS.axd/ColumnsBundle.js?v=wtw1Uxd_WRnCX2c9f3I-gw - -
info: Microsoft.AspNetCore.Hosting.Diagnostics[2]
      Request finished HTTP/1.1 GET http://localhost:7007/Account/ForgotPassword - - - 200 - text/html;+charset=utf-8 1534.2771ms
info: Microsoft.AspNetCore.Hosting.Diagnostics[2]
      Request finished HTTP/1.1 GET http://localhost:7007/DynJS.axd/LocalText.Site.en-US.Public.js?v=kLnE0awBqlZ9iz7AiITfOw - - - 200 - text/javascript;+charset=utf-8 57.2445ms
info: Microsoft.AspNetCore.Hosting.Diagnostics[2]
      Request finished HTTP/1.1 GET http://localhost:7007/DynJS.axd/TemplateBundle.js?v=1B2M2Y8AsgTpgAmY7PhCfg - - - 200 - text/javascript;+charset=utf-8 57.6738ms
info: Microsoft.AspNetCore.Hosting.Diagnostics[2]
      Request finished HTTP/1.1 GET http://localhost:7007/DynJS.axd/FormBundle.js?v=7PVapKJ-fFumFfxV1-LBsQ - - - 200 - text/javascript;+charset=utf-8 68.5071ms
info: Microsoft.AspNetCore.Hosting.Diagnostics[1]
      Request starting HTTP/1.1 GET http://localhost:7007/_vs/browserLink - -
info: Microsoft.AspNetCore.Hosting.Diagnostics[2]
      Request finished HTTP/1.1 GET http://localhost:7007/DynJS.axd/ColumnsBundle.js?v=wtw1Uxd_WRnCX2c9f3I-gw - - - 200 - text/javascript;+charset=utf-8 91.3076ms
info: Microsoft.AspNetCore.Hosting.Diagnostics[1]
      Request starting HTTP/1.1 GET http://localhost:7007/Content/site/images/serenity-logo-w-128.png - -
info: Microsoft.AspNetCore.Hosting.Diagnostics[2]
      Request finished HTTP/1.1 GET http://localhost:7007/_vs/browserLink - - - 200 - text/javascript;+charset=UTF-8 93.6074ms
info: Microsoft.AspNetCore.StaticFiles.StaticFileMiddleware[2]
      Sending file. Request path: '/Content/site/images/serenity-logo-w-128.png'. Physical path: 'C:\Users\uakus\Progressive\Developer\SerenityData\SerenityData\SerenityData\SerenityData.Web\wwwroot\Content\site\images\serenity-logo-w-128.png'
info: Microsoft.AspNetCore.Hosting.Diagnostics[2]
      Request finished HTTP/1.1 GET http://localhost:7007/Content/site/images/serenity-logo-w-128.png - - - 200 20659 image/png 51.7962ms
info: Microsoft.AspNetCore.Hosting.Diagnostics[1]
      Request starting HTTP/1.1 GET http://localhost:7007/serviceworker - -
info: Microsoft.AspNetCore.Routing.EndpointMiddleware[0]
      Executing endpoint 'WebEssentials.AspNetCore.Pwa.PwaController.ServiceWorkerAsync (WebEssentials.AspNetCore.Pwa)'
info: Microsoft.AspNetCore.Mvc.Infrastructure.ControllerActionInvoker[3]
      Route matched with {action = "ServiceWorker", controller = "Pwa"}. Executing controller action with signature System.Threading.Tasks.Task`1[Microsoft.AspNetCore.Mvc.IActionResult] ServiceWorkerAsync() on controller WebEssentials.AspNetCore.Pwa.PwaController (WebEssentials.AspNetCore.Pwa).
info: Microsoft.AspNetCore.Mvc.Infrastructure.ContentResultExecutor[1]
      Executing ContentResult with HTTP Response ContentType of application/javascript; charset=utf-8
info: Microsoft.AspNetCore.Mvc.Infrastructure.ControllerActionInvoker[2]
      Executed action WebEssentials.AspNetCore.Pwa.PwaController.ServiceWorkerAsync (WebEssentials.AspNetCore.Pwa) in 11.8511ms
info: Microsoft.AspNetCore.Routing.EndpointMiddleware[1]
      Executed endpoint 'WebEssentials.AspNetCore.Pwa.PwaController.ServiceWorkerAsync (WebEssentials.AspNetCore.Pwa)'
info: Microsoft.AspNetCore.Hosting.Diagnostics[2]
      Request finished HTTP/1.1 GET http://localhost:7007/serviceworker - - - 200 4806 application/javascript;+charset=utf-8 56.5961ms
info: Microsoft.AspNetCore.Hosting.Diagnostics[1]
      Request starting HTTP/1.1 GET http://localhost:7007/serviceworker - -
info: Microsoft.AspNetCore.Routing.EndpointMiddleware[0]
      Executing endpoint 'WebEssentials.AspNetCore.Pwa.PwaController.ServiceWorkerAsync (WebEssentials.AspNetCore.Pwa)'
info: Microsoft.AspNetCore.Mvc.Infrastructure.ControllerActionInvoker[3]
      Route matched with {action = "ServiceWorker", controller = "Pwa"}. Executing controller action with signature System.Threading.Tasks.Task`1[Microsoft.AspNetCore.Mvc.IActionResult] ServiceWorkerAsync() on controller WebEssentials.AspNetCore.Pwa.PwaController (WebEssentials.AspNetCore.Pwa).
info: Microsoft.AspNetCore.Mvc.Infrastructure.ContentResultExecutor[1]
      Executing ContentResult with HTTP Response ContentType of application/javascript; charset=utf-8
info: Microsoft.AspNetCore.Mvc.Infrastructure.ControllerActionInvoker[2]
      Executed action WebEssentials.AspNetCore.Pwa.PwaController.ServiceWorkerAsync (WebEssentials.AspNetCore.Pwa) in 13.0472ms
info: Microsoft.AspNetCore.Routing.EndpointMiddleware[1]
      Executed endpoint 'WebEssentials.AspNetCore.Pwa.PwaController.ServiceWorkerAsync (WebEssentials.AspNetCore.Pwa)'
info: Microsoft.AspNetCore.Hosting.Diagnostics[2]
      Request finished HTTP/1.1 GET http://localhost:7007/serviceworker - - - 200 4806 application/javascript;+charset=utf-8 70.9981ms
info: Microsoft.AspNetCore.Hosting.Diagnostics[1]
      Request starting HTTP/1.1 POST http://localhost:7007/Account/Login application/json 42
info: Microsoft.AspNetCore.Routing.EndpointMiddleware[0]
      Executing endpoint 'SerenityData.Membership.Pages.AccountController.Login (VanilaProject.web)'
info: Microsoft.AspNetCore.Mvc.Infrastructure.C